[1m[31m[31mX [41;31m[[41;97mERROR[41;31m][0m [1mNG2008: Could not find template file './app.html'.[0m [1m[35m[plugin angular-compiler][0m

    src/app/app.ts:7:15:
[37m      7 │   templateUrl: [32m'./app.html'[37m,
        ╵                [32m~~~~~~~~~~~~[0m

[39m[22m
[1m[31m[31mX [41;31m[[41;97mERROR[41;31m][0m [1mNG2008: Could not find template file './app.html'.[0m [1m[35m[plugin angular-compiler][0m

    src/app/app.ts:7:15:
[37m      7 │   templateUrl: [32m'./app.html'[37m,
        ╵                [32m~~~~~~~~~~~~[0m

[39m[22m
[1m[31m[31mX [41;31m[[41;97mERROR[41;31m][0m [1mNG2008: Could not find template file './app.html'.[0m [1m[35m[plugin angular-compiler][0m

    src/app/app.ts:7:15:
[37m      7 │   templateUrl: [32m'./app.html'[37m,
        ╵                [32m~~~~~~~~~~~~[0m

[39m[22m
[1m[31m[31mX [41;31m[[41;97mERROR[41;31m][0m [1mNG2008: Could not find template file './app.html'.[0m [1m[35m[plugin angular-compiler][0m

    src/app/app.ts:7:15:
[37m      7 │   templateUrl: [32m'./app.html'[37m,
        ╵                [32m~~~~~~~~~~~~[0m

[39m[22m
[1m[31m[31mX [41;31m[[41;97mERROR[41;31m][0m [1mNG2008: Could not find template file './app.html'.[0m [1m[35m[plugin angular-compiler][0m

    src/app/app.ts:7:15:
[37m      7 │   templateUrl: [32m'./app.html'[37m,
        ╵                [32m~~~~~~~~~~~~[0m

[39m[22m
